start[1357769276545] time[64] tag[JMS retrieveMessage]
start[1357769277546] time[63] tag[JMS retrieveMessage]
start[1357769278546] time[64] tag[JMS retrieveMessage]
start[1357769279546] time[64] tag[JMS retrieveMessage]
start[1357769279738] time[8] tag[POST /order]
start[1357769279886] time[8] tag[POST /order]
start[1357769280015] time[7] tag[POST /order]
start[1357769280216] time[8] tag[POST /order]
start[1357769280381] time[7] tag[POST /order]
start[1357769280515] time[7] tag[POST /order]
start[1357769280545] time[62] tag[JMS retrieveMessage]
start[1357769281164] time[11] tag[POST /order]
start[1357769281546] time[63] tag[JMS retrieveMessage]
start[1357769281626] time[11] tag[POST /order]
start[1357769282081] time[8] tag[POST /order]
start[1357769282532] time[11] tag[POST /order]
start[1357769282545] time[67] tag[JMS retrieveMessage]
start[1357769282979] time[8] tag[POST /order]
start[1357769283410] time[7] tag[POST /order]
start[1357769283546] time[8] tag[POST /order]
start[1357769283545] time[64] tag[JMS retrieveMessage]
start[1357769283677] time[8] tag[POST /order]
start[1357769283808] time[8] tag[POST /order]
start[1357769283938] time[8] tag[POST /order]
start[1357769284070] time[8] tag[POST /order]
start[1357769284212] time[7] tag[POST /order]
start[1357769284546] time[62] tag[JMS retrieveMessage]
start[1357769284664] time[9] tag[POST /order]
start[1357769285128] time[7] tag[POST /order]
start[1357769285571] time[7] tag[POST /order]
start[1357769285545] time[62] tag[JMS retrieveMessage]
start[1357769286019] time[10] tag[POST /order]
start[1357769286477] time[9] tag[POST /order]
start[1357769286545] time[62] tag[JMS retrieveMessage]
start[1357769286944] time[10] tag[POST /order]
start[1357769287078] time[61] tag[GET /orders/inventory]
start[1357769287519] time[62] tag[GET /orders/inventory]
start[1357769287546] time[66] tag[JMS retrieveMessage]
start[1357769287807] time[59] tag[GET /orders/analytics]
start[1357769288090] time[62] tag[GET /orders/analytics]
start[1357769288436] time[47] tag[GET /orders/region/europe]
start[1357769288546] time[66] tag[JMS retrieveMessage]
start[1357769288765] time[47] tag[GET /orders/region/europe]
start[1357769289041] time[34] tag[GET /orders/region/china]
start[1357769289257] time[35] tag[GET /orders/region/china]
start[1357769289545] time[62] tag[JMS retrieveMessage]
start[1357769290545] time[64] tag[JMS retrieveMessage]
start[1357769291546] time[63] tag[JMS retrieveMessage]
start[1357769291637] time[8] tag[POST /order]
start[1357769291776] time[8] tag[POST /order]
start[1357769291904] time[7] tag[POST /order]
start[1357769292032] time[7] tag[POST /order]
start[1357769292166] time[7] tag[POST /order]
start[1357769292295] time[7] tag[POST /order]
start[1357769292545] time[63] tag[JMS retrieveMessage]
start[1357769292738] time[7] tag[POST /order]
start[1357769293177] time[11] tag[POST /order]
start[1357769293546] time[62] tag[JMS retrieveMessage]
start[1357769293629] time[7] tag[POST /order]
start[1357769294056] time[8] tag[POST /order]
start[1357769294500] time[7] tag[POST /order]
start[1357769294545] time[63] tag[JMS retrieveMessage]
start[1357769294951] time[8] tag[POST /order]
start[1357769295218] time[7] tag[POST /order]
start[1357769295346] time[7] tag[POST /order]
start[1357769295474] time[6] tag[POST /order]
start[1357769295545] time[63] tag[JMS retrieveMessage]
start[1357769295601] time[7] tag[POST /order]
start[1357769295729] time[6] tag[POST /order]
start[1357769295857] time[7] tag[POST /order]
start[1357769296313] time[7] tag[POST /order]
start[1357769296546] time[65] tag[JMS retrieveMessage]
start[1357769296776] time[8] tag[POST /order]
start[1357769297211] time[7] tag[POST /order]
start[1357769297546] time[65] tag[JMS retrieveMessage]
start[1357769297648] time[7] tag[POST /order]
start[1357769298083] time[7] tag[POST /order]
start[1357769298545] time[62] tag[JMS retrieveMessage]
start[1357769298599] time[14] tag[POST /order]
start[1357769298739] time[55] tag[GET /orders/inventory]
start[1357769299179] time[54] tag[GET /orders/inventory]
start[1357769299462] time[51] tag[GET /orders/analytics]
start[1357769299545] time[70] tag[JMS retrieveMessage]
start[1357769299739] time[51] tag[GET /orders/analytics]
start[1357769300013] time[47] tag[GET /orders/region/europe]
start[1357769300287] time[48] tag[GET /orders/region/europe]
start[1357769300562] time[34] tag[GET /orders/region/china]
start[1357769300546] time[62] tag[JMS retrieveMessage]
start[1357769300795] time[34] tag[GET /orders/region/china]
start[1357769301545] time[65] tag[JMS retrieveMessage]
start[1357769302547] time[63] tag[JMS retrieveMessage]
start[1357769303163] time[8] tag[POST /order]
start[1357769303338] time[7] tag[POST /order]
start[1357769303473] time[7] tag[POST /order]
start[1357769303546] time[64] tag[JMS retrieveMessage]
start[1357769303606] time[8] tag[POST /order]
start[1357769303736] time[7] tag[POST /order]
start[1357769303865] time[7] tag[POST /order]
start[1357769304320] time[8] tag[POST /order]
start[1357769304545] time[65] tag[JMS retrieveMessage]
start[1357769304838] time[8] tag[POST /order]
start[1357769305288] time[8] tag[POST /order]
start[1357769305546] time[63] tag[JMS retrieveMessage]
start[1357769305741] time[7] tag[POST /order]
start[1357769306202] time[8] tag[POST /order]
start[1357769306545] time[66] tag[JMS retrieveMessage]
start[1357769306675] time[8] tag[POST /order]
start[1357769306809] time[7] tag[POST /order]
start[1357769306937] time[6] tag[POST /order]
start[1357769307067] time[7] tag[POST /order]
start[1357769307203] time[7] tag[POST /order]
start[1357769307335] time[8] tag[POST /order]
start[1357769307464] time[7] tag[POST /order]
start[1357769307546] time[64] tag[JMS retrieveMessage]
start[1357769307920] time[7] tag[POST /order]
start[1357769308441] time[7] tag[POST /order]
start[1357769308545] time[63] tag[JMS retrieveMessage]
start[1357769308910] time[8] tag[POST /order]
start[1357769309377] time[8] tag[POST /order]
start[1357769309546] time[61] tag[JMS retrieveMessage]
start[1357769309848] time[7] tag[POST /order]
start[1357769310313] time[8] tag[POST /order]
start[1357769310450] time[55] tag[GET /orders/inventory]
start[1357769310546] time[63] tag[JMS retrieveMessage]
start[1357769310888] time[63] tag[GET /orders/inventory]
start[1357769311181] time[52] tag[GET /orders/analytics]
start[1357769311527] time[52] tag[GET /orders/analytics]
start[1357769311546] time[62] tag[JMS retrieveMessage]
start[1357769311812] time[48] tag[GET /orders/region/europe]
start[1357769312084] time[48] tag[GET /orders/region/europe]
start[1357769312360] time[35] tag[GET /orders/region/china]
start[1357769312545] time[62] tag[JMS retrieveMessage]
start[1357769312596] time[35] tag[GET /orders/region/china]
start[1357769313546] time[63] tag[JMS retrieveMessage]
start[1357769314545] time[62] tag[JMS retrieveMessage]
start[1357769314963] time[8] tag[POST /order]
start[1357769315103] time[8] tag[POST /order]
start[1357769315243] time[8] tag[POST /order]
start[1357769315372] time[7] tag[POST /order]
start[1357769315500] time[7] tag[POST /order]
start[1357769315546] time[62] tag[JMS retrieveMessage]
start[1357769315628] time[7] tag[POST /order]
start[1357769316079] time[7] tag[POST /order]
start[1357769316548] time[7] tag[POST /order]
start[1357769316545] time[62] tag[JMS retrieveMessage]
start[1357769317046] time[7] tag[POST /order]
start[1357769317515] time[7] tag[POST /order]
start[1357769317546] time[65] tag[JMS retrieveMessage]
start[1357769317956] time[7] tag[POST /order]
start[1357769318545] time[62] tag[JMS retrieveMessage]
start[1357769318646] time[7] tag[POST /order]
start[1357769318775] time[7] tag[POST /order]
start[1357769318910] time[8] tag[POST /order]
start[1357769319046] time[7] tag[POST /order]
start[1357769319187] time[7] tag[POST /order]
start[1357769319409] time[7] tag[POST /order]
start[1357769319547] time[7] tag[POST /order]
start[1357769319546] time[66] tag[JMS retrieveMessage]
start[1357769320107] time[116] tag[POST /order]
start[1357769320546] time[62] tag[JMS retrieveMessage]
start[1357769320917] time[8] tag[POST /order]
start[1357769321373] time[8] tag[POST /order]
start[1357769321546] time[62] tag[JMS retrieveMessage]
start[1357769321834] time[7] tag[POST /order]
start[1357769322286] time[7] tag[POST /order]
start[1357769322545] time[67] tag[JMS retrieveMessage]
start[1357769322746] time[8] tag[POST /order]
start[1357769322878] time[56] tag[GET /orders/inventory]
start[1357769323312] time[55] tag[GET /orders/inventory]
start[1357769323545] time[61] tag[JMS retrieveMessage]
start[1357769323594] time[52] tag[GET /orders/analytics]
start[1357769323870] time[50] tag[GET /orders/analytics]
start[1357769324155] time[46] tag[GET /orders/region/europe]
start[1357769324488] time[48] tag[GET /orders/region/europe]
start[1357769324545] time[63] tag[JMS retrieveMessage]
start[1357769324759] time[35] tag[GET /orders/region/china]
start[1357769324998] time[42] tag[GET /orders/region/china]
start[1357769325546] time[64] tag[JMS retrieveMessage]
start[1357769326545] time[63] tag[JMS retrieveMessage]
start[1357769327375] time[7] tag[POST /order]
start[1357769327517] time[7] tag[POST /order]
start[1357769327545] time[64] tag[JMS retrieveMessage]
start[1357769327647] time[7] tag[POST /order]
start[1357769327779] time[7] tag[POST /order]
start[1357769327913] time[7] tag[POST /order]
start[1357769328045] time[7] tag[POST /order]
start[1357769328498] time[7] tag[POST /order]
start[1357769328545] time[62] tag[JMS retrieveMessage]
start[1357769328962] time[7] tag[POST /order]
start[1357769329430] time[8] tag[POST /order]
start[1357769329546] time[66] tag[JMS retrieveMessage]
start[1357769329904] time[7] tag[POST /order]
start[1357769330353] time[7] tag[POST /order]
start[1357769330546] time[65] tag[JMS retrieveMessage]
start[1357769330804] time[7] tag[POST /order]
start[1357769330936] time[7] tag[POST /order]
start[1357769331070] time[8] tag[POST /order]
start[1357769331213] time[6] tag[POST /order]
start[1357769331364] time[6] tag[POST /order]
start[1357769331497] time[7] tag[POST /order]
start[1357769331546] time[63] tag[JMS retrieveMessage]
start[1357769331628] time[7] tag[POST /order]
start[1357769332104] time[7] tag[POST /order]
start[1357769332555] time[7] tag[POST /order]
start[1357769332546] time[82] tag[JMS retrieveMessage]
start[1357769333081] time[7] tag[POST /order]
start[1357769333535] time[7] tag[POST /order]
start[1357769333546] time[62] tag[JMS retrieveMessage]
start[1357769333983] time[7] tag[POST /order]
start[1357769334447] time[7] tag[POST /order]
start[1357769334546] time[66] tag[JMS retrieveMessage]
start[1357769334580] time[65] tag[GET /orders/inventory]
start[1357769335030] time[54] tag[GET /orders/inventory]
start[1357769335317] time[50] tag[GET /orders/analytics]
start[1357769335545] time[64] tag[JMS retrieveMessage]
start[1357769335662] time[50] tag[GET /orders/analytics]
start[1357769335943] time[48] tag[GET /orders/region/europe]
start[1357769336211] time[47] tag[GET /orders/region/europe]
start[1357769336481] time[34] tag[GET /orders/region/china]
start[1357769336546] time[62] tag[JMS retrieveMessage]
start[1357769336698] time[42] tag[GET /orders/region/china]
start[1357769337546] time[64] tag[JMS retrieveMessage]
start[1357769338546] time[64] tag[JMS retrieveMessage]
start[1357769339078] time[7] tag[POST /order]
start[1357769339220] time[7] tag[POST /order]
start[1357769339350] time[7] tag[POST /order]
start[1357769339477] time[6] tag[POST /order]
start[1357769339546] time[64] tag[JMS retrieveMessage]
start[1357769339606] time[8] tag[POST /order]
start[1357769339741] time[6] tag[POST /order]
start[1357769340276] time[7] tag[POST /order]
start[1357769340545] time[64] tag[JMS retrieveMessage]
start[1357769340746] time[9] tag[POST /order]
start[1357769341217] time[7] tag[POST /order]
start[1357769341545] time[63] tag[JMS retrieveMessage]
start[1357769341789] time[7] tag[POST /order]
start[1357769342240] time[8] tag[POST /order]
start[1357769342545] time[61] tag[JMS retrieveMessage]
start[1357769342707] time[7] tag[POST /order]
start[1357769342842] time[7] tag[POST /order]
start[1357769342974] time[8] tag[POST /order]
start[1357769343113] time[8] tag[POST /order]
start[1357769343252] time[7] tag[POST /order]
start[1357769343386] time[7] tag[POST /order]
start[1357769343516] time[7] tag[POST /order]
start[1357769343545] time[65] tag[JMS retrieveMessage]
start[1357769343968] time[7] tag[POST /order]
start[1357769344416] time[7] tag[POST /order]
start[1357769344545] time[64] tag[JMS retrieveMessage]
start[1357769344863] time[7] tag[POST /order]
start[1357769345325] time[8] tag[POST /order]
start[1357769345546] time[64] tag[JMS retrieveMessage]
start[1357769345779] time[7] tag[POST /order]
start[1357769346242] time[7] tag[POST /order]
start[1357769346382] time[56] tag[GET /orders/inventory]
start[1357769346546] time[70] tag[JMS retrieveMessage]
start[1357769346823] time[55] tag[GET /orders/inventory]
start[1357769347105] time[51] tag[GET /orders/analytics]
start[1357769347377] time[50] tag[GET /orders/analytics]
start[1357769347545] time[64] tag[JMS retrieveMessage]
start[1357769347652] time[47] tag[GET /orders/region/europe]
start[1357769347936] time[47] tag[GET /orders/region/europe]
start[1357769348268] time[35] tag[GET /orders/region/china]
start[1357769348507] time[33] tag[GET /orders/region/china]
start[1357769348546] time[69] tag[JMS retrieveMessage]
start[1357769349545] time[62] tag[JMS retrieveMessage]
start[1357769350545] time[64] tag[JMS retrieveMessage]
start[1357769350877] time[7] tag[POST /order]
start[1357769351017] time[6] tag[POST /order]
start[1357769351151] time[6] tag[POST /order]
start[1357769351281] time[6] tag[POST /order]
start[1357769351409] time[6] tag[POST /order]
start[1357769351535] time[6] tag[POST /order]
start[1357769351545] time[63] tag[JMS retrieveMessage]
start[1357769352003] time[7] tag[POST /order]
start[1357769352459] time[7] tag[POST /order]
start[1357769352545] time[66] tag[JMS retrieveMessage]
start[1357769352901] time[7] tag[POST /order]
start[1357769353546] time[63] tag[JMS retrieveMessage]
start[1357769354392] time[7] tag[POST /order]
start[1357769354546] time[63] tag[JMS retrieveMessage]
start[1357769354847] time[13] tag[POST /order]
start[1357769355310] time[7] tag[POST /order]
start[1357769355451] time[6] tag[POST /order]
start[1357769355583] time[7] tag[POST /order]
start[1357769355545] time[66] tag[JMS retrieveMessage]
start[1357769355712] time[6] tag[POST /order]
start[1357769355838] time[6] tag[POST /order]
start[1357769355966] time[6] tag[POST /order]
start[1357769356097] time[7] tag[POST /order]
start[1357769356559] time[7] tag[POST /order]
start[1357769356546] time[63] tag[JMS retrieveMessage]
start[1357769357016] time[7] tag[POST /order]
start[1357769357475] time[7] tag[POST /order]
start[1357769357545] time[64] tag[JMS retrieveMessage]
start[1357769357920] time[7] tag[POST /order]
start[1357769358383] time[7] tag[POST /order]
start[1357769358545] time[64] tag[JMS retrieveMessage]
start[1357769358839] time[6] tag[POST /order]
start[1357769358969] time[54] tag[GET /orders/inventory]
start[1357769359406] time[53] tag[GET /orders/inventory]
start[1357769359545] time[62] tag[JMS retrieveMessage]
start[1357769359688] time[49] tag[GET /orders/analytics]
start[1357769359956] time[49] tag[GET /orders/analytics]
start[1357769360289] time[45] tag[GET /orders/region/europe]
start[1357769360559] time[45] tag[GET /orders/region/europe]
start[1357769360546] time[63] tag[JMS retrieveMessage]
start[1357769360888] time[40] tag[GET /orders/region/china]
start[1357769361126] time[32] tag[GET /orders/region/china]
start[1357769361545] time[67] tag[JMS retrieveMessage]
start[1357769362546] time[64] tag[JMS retrieveMessage]
start[1357769363457] time[7] tag[POST /order]
start[1357769363594] time[6] tag[POST /order]
start[1357769363545] time[62] tag[JMS retrieveMessage]
start[1357769363725] time[6] tag[POST /order]
start[1357769363856] time[7] tag[POST /order]
start[1357769363989] time[7] tag[POST /order]
start[1357769364127] time[7] tag[POST /order]
start[1357769364568] time[7] tag[POST /order]
start[1357769364546] time[64] tag[JMS retrieveMessage]
start[1357769365001] time[7] tag[POST /order]
start[1357769365508] time[7] tag[POST /order]
start[1357769365545] time[62] tag[JMS retrieveMessage]
start[1357769365946] time[7] tag[POST /order]
start[1357769366406] time[12] tag[POST /order]
start[1357769366545] time[64] tag[JMS retrieveMessage]
start[1357769366858] time[7] tag[POST /order]
start[1357769366993] time[7] tag[POST /order]
start[1357769367130] time[6] tag[POST /order]
start[1357769367257] time[6] tag[POST /order]
start[1357769367382] time[6] tag[POST /order]
start[1357769367509] time[7] tag[POST /order]
start[1357769367545] time[62] tag[JMS retrieveMessage]
start[1357769367636] time[6] tag[POST /order]
start[1357769368154] time[7] tag[POST /order]
start[1357769368545] time[62] tag[JMS retrieveMessage]
start[1357769368605] time[7] tag[POST /order]
start[1357769369052] time[7] tag[POST /order]
start[1357769369507] time[7] tag[POST /order]
start[1357769369546] time[61] tag[JMS retrieveMessage]
start[1357769369949] time[8] tag[POST /order]
start[1357769370532] time[7] tag[POST /order]
start[1357769370545] time[70] tag[JMS retrieveMessage]
start[1357769370659] time[52] tag[GET /orders/inventory]
start[1357769371091] time[57] tag[GET /orders/inventory]
start[1357769371382] time[48] tag[GET /orders/analytics]
start[1357769371545] time[60] tag[JMS retrieveMessage]
start[1357769371727] time[48] tag[GET /orders/analytics]
start[1357769372000] time[45] tag[GET /orders/region/europe]
start[1357769372265] time[44] tag[GET /orders/region/europe]
start[1357769372535] time[34] tag[GET /orders/region/china]
start[1357769372546] time[68] tag[JMS retrieveMessage]
start[1357769372769] time[39] tag[GET /orders/region/china]
start[1357769373546] time[63] tag[JMS retrieveMessage]
start[1357769374546] time[66] tag[JMS retrieveMessage]
start[1357769375139] time[7] tag[POST /order]
start[1357769375275] time[7] tag[POST /order]
start[1357769375401] time[6] tag[POST /order]
start[1357769375528] time[6] tag[POST /order]
start[1357769375546] time[63] tag[JMS retrieveMessage]
start[1357769375655] time[6] tag[POST /order]
start[1357769375783] time[6] tag[POST /order]
start[1357769376227] time[7] tag[POST /order]
start[1357769376545] time[63] tag[JMS retrieveMessage]
start[1357769376692] time[9] tag[POST /order]
start[1357769377129] time[6] tag[POST /order]
start[1357769377591] time[6] tag[POST /order]
start[1357769377545] time[62] tag[JMS retrieveMessage]
start[1357769378144] time[96] tag[POST /order]
start[1357769378545] time[63] tag[JMS retrieveMessage]
start[1357769378674] time[6] tag[POST /order]
start[1357769378800] time[6] tag[POST /order]
start[1357769378929] time[7] tag[POST /order]
start[1357769379056] time[5] tag[POST /order]
start[1357769379191] time[7] tag[POST /order]
start[1357769379319] time[6] tag[POST /order]
start[1357769379445] time[6] tag[POST /order]
start[1357769379545] time[63] tag[JMS retrieveMessage]
start[1357769379888] time[7] tag[POST /order]
start[1357769380338] time[7] tag[POST /order]
start[1357769380545] time[63] tag[JMS retrieveMessage]
start[1357769380796] time[7] tag[POST /order]
start[1357769381260] time[7] tag[POST /order]
start[1357769381546] time[64] tag[JMS retrieveMessage]
start[1357769381716] time[6] tag[POST /order]
start[1357769382175] time[7] tag[POST /order]
start[1357769382305] time[53] tag[GET /orders/inventory]
start[1357769382546] time[72] tag[JMS retrieveMessage]
start[1357769382739] time[51] tag[GET /orders/inventory]
start[1357769383019] time[48] tag[GET /orders/analytics]
start[1357769383291] time[48] tag[GET /orders/analytics]
start[1357769383559] time[44] tag[GET /orders/region/europe]
start[1357769383546] time[61] tag[JMS retrieveMessage]
start[1357769383829] time[45] tag[GET /orders/region/europe]
start[1357769384109] time[33] tag[GET /orders/region/china]
start[1357769384340] time[32] tag[GET /orders/region/china]
start[1357769384545] time[68] tag[JMS retrieveMessage]
start[1357769385545] time[67] tag[JMS retrieveMessage]
start[1357769386545] time[92] tag[JMS retrieveMessage]
start[1357769386690] time[10] tag[POST /order]
start[1357769386839] time[7] tag[POST /order]
start[1357769386967] time[7] tag[POST /order]
start[1357769387096] time[6] tag[POST /order]
start[1357769387234] time[7] tag[POST /order]
start[1357769387361] time[6] tag[POST /order]
start[1357769387546] time[63] tag[JMS retrieveMessage]
start[1357769387805] time[7] tag[POST /order]
start[1357769388263] time[7] tag[POST /order]
start[1357769388546] time[63] tag[JMS retrieveMessage]
start[1357769388724] time[7] tag[POST /order]
start[1357769389175] time[7] tag[POST /order]
start[1357769389546] time[62] tag[JMS retrieveMessage]
start[1357769389651] time[7] tag[POST /order]
start[1357769390111] time[7] tag[POST /order]
start[1357769390251] time[7] tag[POST /order]
start[1357769390378] time[7] tag[POST /order]
start[1357769390505] time[6] tag[POST /order]
start[1357769390545] time[63] tag[JMS retrieveMessage]
start[1357769390637] time[6] tag[POST /order]
start[1357769390768] time[7] tag[POST /order]
start[1357769390897] time[6] tag[POST /order]
start[1357769391359] time[7] tag[POST /order]
start[1357769391546] time[62] tag[JMS retrieveMessage]
start[1357769391823] time[7] tag[POST /order]
start[1357769392252] time[7] tag[POST /order]
start[1357769392545] time[69] tag[JMS retrieveMessage]
start[1357769392701] time[6] tag[POST /order]
start[1357769393159] time[7] tag[POST /order]
start[1357769393546] time[63] tag[JMS retrieveMessage]
start[1357769393635] time[6] tag[POST /order]
start[1357769393764] time[52] tag[GET /orders/inventory]
start[1357769394201] time[51] tag[GET /orders/inventory]
start[1357769394482] time[47] tag[GET /orders/analytics]
start[1357769394545] time[62] tag[JMS retrieveMessage]
start[1357769394755] time[525] tag[GET /orders/analytics]
start[1357769395546] time[63] tag[JMS retrieveMessage]
start[1357769395728] time[46] tag[GET /orders/region/europe]
start[1357769396000] time[45] tag[GET /orders/region/europe]
start[1357769396265] time[33] tag[GET /orders/region/china]
start[1357769396474] time[32] tag[GET /orders/region/china]
start[1357769396545] time[68] tag[JMS retrieveMessage]
start[1357769397545] time[62] tag[JMS retrieveMessage]
start[1357769398545] time[62] tag[JMS retrieveMessage]
start[1357769398831] time[7] tag[POST /order]
start[1357769398967] time[7] tag[POST /order]
start[1357769399094] time[7] tag[POST /order]
start[1357769399229] time[6] tag[POST /order]
start[1357769399355] time[6] tag[POST /order]
start[1357769399481] time[6] tag[POST /order]
start[1357769399545] time[63] tag[JMS retrieveMessage]
start[1357769399919] time[7] tag[POST /order]
start[1357769400366] time[114] tag[POST /order]
start[1357769400545] time[64] tag[JMS retrieveMessage]
start[1357769401107] time[7] tag[POST /order]
start[1357769401545] time[64] tag[JMS retrieveMessage]
start[1357769401659] time[162] tag[POST /order]
start[1357769402366] time[21] tag[POST /order]
start[1357769402546] time[63] tag[JMS retrieveMessage]
start[1357769402840] time[8] tag[POST /order]
start[1357769402972] time[7] tag[POST /order]
start[1357769403118] time[7] tag[POST /order]
start[1357769403262] time[8] tag[POST /order]
start[1357769403398] time[7] tag[POST /order]
start[1357769403528] time[7] tag[POST /order]
start[1357769403545] time[65] tag[JMS retrieveMessage]
start[1357769403656] time[7] tag[POST /order]
start[1357769404114] time[7] tag[POST /order]
start[1357769404559] time[7] tag[POST /order]
start[1357769404545] time[62] tag[JMS retrieveMessage]
start[1357769405003] time[7] tag[POST /order]
start[1357769405468] time[7] tag[POST /order]
start[1357769405545] time[64] tag[JMS retrieveMessage]
start[1357769405977] time[7] tag[POST /order]
start[1357769406410] time[7] tag[POST /order]
start[1357769406544] time[53] tag[GET /orders/inventory]
start[1357769406546] time[63] tag[JMS retrieveMessage]
start[1357769406976] time[52] tag[GET /orders/inventory]
start[1357769407259] time[48] tag[GET /orders/analytics]
start[1357769407527] time[48] tag[GET /orders/analytics]
start[1357769407545] time[63] tag[JMS retrieveMessage]
start[1357769407810] time[45] tag[GET /orders/region/europe]
start[1357769408108] time[45] tag[GET /orders/region/europe]
start[1357769408387] time[33] tag[GET /orders/region/china]
start[1357769408546] time[62] tag[JMS retrieveMessage]
start[1357769408618] time[33] tag[GET /orders/region/china]
start[1357769409545] time[62] tag[JMS retrieveMessage]
start[1357769410546] time[66] tag[JMS retrieveMessage]
start[1357769410950] time[7] tag[POST /order]
start[1357769411083] time[7] tag[POST /order]
start[1357769411223] time[7] tag[POST /order]
start[1357769411350] time[6] tag[POST /order]
start[1357769411480] time[49] tag[POST /order]
start[1357769411545] time[64] tag[JMS retrieveMessage]
start[1357769411649] time[7] tag[POST /order]
start[1357769412158] time[64] tag[POST /order]
start[1357769412546] time[63] tag[JMS retrieveMessage]
start[1357769412697] time[7] tag[POST /order]
start[1357769413144] time[10] tag[POST /order]
start[1357769413586] time[7] tag[POST /order]
start[1357769413546] time[62] tag[JMS retrieveMessage]
start[1357769414042] time[7] tag[POST /order]
start[1357769414555] time[7] tag[POST /order]
start[1357769414545] time[64] tag[JMS retrieveMessage]
start[1357769414697] time[7] tag[POST /order]
start[1357769414826] time[5] tag[POST /order]
start[1357769414961] time[8] tag[POST /order]
start[1357769415190] time[8] tag[POST /order]
start[1357769415318] time[9] tag[POST /order]
start[1357769415452] time[7] tag[POST /order]
start[1357769415545] time[63] tag[JMS retrieveMessage]
start[1357769415908] time[7] tag[POST /order]
start[1357769416339] time[7] tag[POST /order]
start[1357769416545] time[68] tag[JMS retrieveMessage]
start[1357769416787] time[7] tag[POST /order]
start[1357769417226] time[7] tag[POST /order]
start[1357769417545] time[63] tag[JMS retrieveMessage]
start[1357769417685] time[7] tag[POST /order]
start[1357769418133] time[6] tag[POST /order]
start[1357769418266] time[52] tag[GET /orders/inventory]
start[1357769418546] time[61] tag[JMS retrieveMessage]
start[1357769418707] time[52] tag[GET /orders/inventory]
start[1357769418985] time[55] tag[GET /orders/analytics]
start[1357769419260] time[47] tag[GET /orders/analytics]
start[1357769419530] time[47] tag[GET /orders/region/europe]
start[1357769419546] time[63] tag[JMS retrieveMessage]
start[1357769419800] time[44] tag[GET /orders/region/europe]
start[1357769420079] time[35] tag[GET /orders/region/china]
start[1357769420316] time[33] tag[GET /orders/region/china]
start[1357769420546] time[63] tag[JMS retrieveMessage]
start[1357769421546] time[63] tag[JMS retrieveMessage]
start[1357769422546] time[64] tag[JMS retrieveMessage]
start[1357769422662] time[7] tag[POST /order]
start[1357769422818] time[7] tag[POST /order]
start[1357769422952] time[7] tag[POST /order]
start[1357769423082] time[7] tag[POST /order]
start[1357769423219] time[7] tag[POST /order]
start[1357769423348] time[7] tag[POST /order]
start[1357769423546] time[64] tag[JMS retrieveMessage]
start[1357769423785] time[8] tag[POST /order]
start[1357769424233] time[7] tag[POST /order]
start[1357769424546] time[63] tag[JMS retrieveMessage]
start[1357769424689] time[7] tag[POST /order]
start[1357769425256] time[141] tag[POST /order]
start[1357769425546] time[66] tag[JMS retrieveMessage]
start[1357769426275] time[7] tag[POST /order]
start[1357769426546] time[66] tag[JMS retrieveMessage]
start[1357769426718] time[8] tag[POST /order]
start[1357769426847] time[7] tag[POST /order]
start[1357769426981] time[7] tag[POST /order]
start[1357769427110] time[7] tag[POST /order]
start[1357769427274] time[7] tag[POST /order]
start[1357769427404] time[7] tag[POST /order]
start[1357769427533] time[7] tag[POST /order]
start[1357769427546] time[63] tag[JMS retrieveMessage]
start[1357769428035] time[7] tag[POST /order]
start[1357769428484] time[8] tag[POST /order]
start[1357769428545] time[63] tag[JMS retrieveMessage]
start[1357769428993] time[7] tag[POST /order]
start[1357769429559] time[7] tag[POST /order]
start[1357769429545] time[62] tag[JMS retrieveMessage]
start[1357769430020] time[7] tag[POST /order]
start[1357769430507] time[7] tag[POST /order]
start[1357769430545] time[63] tag[JMS retrieveMessage]
start[1357769430638] time[61] tag[GET /orders/inventory]
start[1357769431081] time[54] tag[GET /orders/inventory]
start[1357769431365] time[51] tag[GET /orders/analytics]
start[1357769431545] time[62] tag[JMS retrieveMessage]
start[1357769431714] time[56] tag[GET /orders/analytics]
start[1357769431999] time[52] tag[GET /orders/region/europe]
start[1357769432345] time[48] tag[GET /orders/region/europe]
start[1357769432546] time[64] tag[JMS retrieveMessage]
start[1357769432671] time[34] tag[GET /orders/region/china]
start[1357769432914] time[34] tag[GET /orders/region/china]
start[1357769433546] time[63] tag[JMS retrieveMessage]
start[1357769434546] time[70] tag[JMS retrieveMessage]
start[1357769435283] time[7] tag[POST /order]
start[1357769435418] time[7] tag[POST /order]
start[1357769435553] time[7] tag[POST /order]
start[1357769435546] time[61] tag[JMS retrieveMessage]
start[1357769435682] time[6] tag[POST /order]
start[1357769435815] time[8] tag[POST /order]
start[1357769435947] time[12] tag[POST /order]
start[1357769436399] time[7] tag[POST /order]
start[1357769436545] time[65] tag[JMS retrieveMessage]
start[1357769436864] time[7] tag[POST /order]
start[1357769437321] time[7] tag[POST /order]
start[1357769437545] time[64] tag[JMS retrieveMessage]
start[1357769437795] time[7] tag[POST /order]
start[1357769438236] time[7] tag[POST /order]
start[1357769438545] time[63] tag[JMS retrieveMessage]
start[1357769438686] time[7] tag[POST /order]
start[1357769438820] time[7] tag[POST /order]
start[1357769438955] time[7] tag[POST /order]
start[1357769439089] time[7] tag[POST /order]
start[1357769439233] time[7] tag[POST /order]
start[1357769439367] time[7] tag[POST /order]
start[1357769439534] time[7] tag[POST /order]
start[1357769439546] time[64] tag[JMS retrieveMessage]
start[1357769439975] time[7] tag[POST /order]
start[1357769440545] time[65] tag[JMS retrieveMessage]
start[1357769440523] time[357] tag[POST /order]
start[1357769441546] time[63] tag[JMS retrieveMessage]
start[1357769442000] time[8] tag[POST /order]
start[1357769442456] time[7] tag[POST /order]
start[1357769442546] time[64] tag[JMS retrieveMessage]
start[1357769442924] time[7] tag[POST /order]
start[1357769443378] time[168] tag[POST /order]
start[1357769443545] time[63] tag[JMS retrieveMessage]
start[1357769443695] time[55] tag[GET /orders/inventory]
start[1357769444135] time[62] tag[GET /orders/inventory]
start[1357769444427] time[50] tag[GET /orders/analytics]
start[1357769444545] time[65] tag[JMS retrieveMessage]
start[1357769444704] time[51] tag[GET /orders/analytics]
start[1357769444978] time[52] tag[GET /orders/region/europe]
start[1357769445320] time[154] tag[GET /orders/region/europe]
start[1357769445546] time[63] tag[JMS retrieveMessage]
start[1357769445813] time[34] tag[GET /orders/region/china]
start[1357769446064] time[34] tag[GET /orders/region/china]
start[1357769446546] time[63] tag[JMS retrieveMessage]
start[1357769447545] time[62] tag[JMS retrieveMessage]
start[1357769448440] time[7] tag[POST /order]
start[1357769448580] time[7] tag[POST /order]
start[1357769448546] time[62] tag[JMS retrieveMessage]
start[1357769448711] time[7] tag[POST /order]
start[1357769448858] time[7] tag[POST /order]
start[1357769448988] time[6] tag[POST /order]
start[1357769449130] time[8] tag[POST /order]
start[1357769449584] time[7] tag[POST /order]
start[1357769449545] time[63] tag[JMS retrieveMessage]
start[1357769450051] time[7] tag[POST /order]
start[1357769450507] time[7] tag[POST /order]
start[1357769450545] time[63] tag[JMS retrieveMessage]
start[1357769451200] time[7] tag[POST /order]
start[1357769451546] time[61] tag[JMS retrieveMessage]
start[1357769451689] time[7] tag[POST /order]
start[1357769452148] time[7] tag[POST /order]
start[1357769452307] time[7] tag[POST /order]
start[1357769452442] time[7] tag[POST /order]
start[1357769452577] time[7] tag[POST /order]
start[1357769452545] time[64] tag[JMS retrieveMessage]
start[1357769452713] time[6] tag[POST /order]
start[1357769452844] time[7] tag[POST /order]
start[1357769452978] time[7] tag[POST /order]
start[1357769453436] time[7] tag[POST /order]
start[1357769453545] time[66] tag[JMS retrieveMessage]
start[1357769453900] time[7] tag[POST /order]
start[1357769454473] time[7] tag[POST /order]
start[1357769454545] time[63] tag[JMS retrieveMessage]
start[1357769454942] time[8] tag[POST /order]
start[1357769455554] time[7] tag[POST /order]
start[1357769455546] time[63] tag[JMS retrieveMessage]
start[1357769456112] time[7] tag[POST /order]
start[1357769456250] time[55] tag[GET /orders/inventory]
start[1357769456545] time[61] tag[JMS retrieveMessage]
start[1357769456690] time[58] tag[GET /orders/inventory]
start[1357769456986] time[50] tag[GET /orders/analytics]
start[1357769457329] time[50] tag[GET /orders/analytics]
start[1357769457546] time[66] tag[JMS retrieveMessage]
start[1357769457627] time[46] tag[GET /orders/region/europe]
start[1357769457961] time[48] tag[GET /orders/region/europe]
start[1357769458236] time[336] tag[GET /orders/region/china]
start[1357769458545] time[63] tag[JMS retrieveMessage]
start[1357769458911] time[36] tag[GET /orders/region/china]
start[1357769459545] time[63] tag[JMS retrieveMessage]
start[1357769460545] time[63] tag[JMS retrieveMessage]
start[1357769461378] time[9] tag[POST /order]
start[1357769461538] time[9] tag[POST /order]
start[1357769461546] time[67] tag[JMS retrieveMessage]
start[1357769461674] time[9] tag[POST /order]
start[1357769461906] time[8] tag[POST /order]
start[1357769462044] time[8] tag[POST /order]
start[1357769462189] time[8] tag[POST /order]
start[1357769462546] time[64] tag[JMS retrieveMessage]
start[1357769462719] time[8] tag[POST /order]
start[1357769463189] time[7] tag[POST /order]
start[1357769463546] time[65] tag[JMS retrieveMessage]
start[1357769463666] time[8] tag[POST /order]
start[1357769464120] time[8] tag[POST /order]
start[1357769464589] time[7] tag[POST /order]
start[1357769464545] time[63] tag[JMS retrieveMessage]
start[1357769465041] time[7] tag[POST /order]
start[1357769465180] time[7] tag[POST /order]
start[1357769465314] time[8] tag[POST /order]
start[1357769465449] time[7] tag[POST /order]
start[1357769465582] time[7] tag[POST /order]
start[1357769465545] time[65] tag[JMS retrieveMessage]
start[1357769465713] time[7] tag[POST /order]
start[1357769465846] time[7] tag[POST /order]
start[1357769466347] time[7] tag[POST /order]
start[1357769466546] time[63] tag[JMS retrieveMessage]
start[1357769466798] time[8] tag[POST /order]
start[1357769467255] time[7] tag[POST /order]
start[1357769467546] time[63] tag[JMS retrieveMessage]
start[1357769467716] time[7] tag[POST /order]
start[1357769468174] time[7] tag[POST /order]
start[1357769468546] time[65] tag[JMS retrieveMessage]
start[1357769468634] time[7] tag[POST /order]
start[1357769468761] time[55] tag[GET /orders/inventory]
start[1357769469201] time[55] tag[GET /orders/inventory]
start[1357769469501] time[52] tag[GET /orders/analytics]
start[1357769469545] time[64] tag[JMS retrieveMessage]
start[1357769469849] time[51] tag[GET /orders/analytics]
start[1357769470285] time[106] tag[GET /orders/region/europe]
start[1357769470546] time[63] tag[JMS retrieveMessage]
start[1357769470775] time[49] tag[GET /orders/region/europe]
start[1357769471056] time[35] tag[GET /orders/region/china]
start[1357769471293] time[34] tag[GET /orders/region/china]
start[1357769471546] time[64] tag[JMS retrieveMessage]
start[1357769472545] time[63] tag[JMS retrieveMessage]
start[1357769473546] time[64] tag[JMS retrieveMessage]
start[1357769473666] time[7] tag[POST /order]
start[1357769473807] time[8] tag[POST /order]
start[1357769473941] time[7] tag[POST /order]
start[1357769474227] time[7] tag[POST /order]
start[1357769474360] time[8] tag[POST /order]
start[1357769474496] time[7] tag[POST /order]
start[1357769474545] time[63] tag[JMS retrieveMessage]
start[1357769474953] time[7] tag[POST /order]
start[1357769475575] time[7] tag[POST /order]
start[1357769475546] time[64] tag[JMS retrieveMessage]
start[1357769476102] time[7] tag[POST /order]
start[1357769476545] time[64] tag[JMS retrieveMessage]
start[1357769476642] time[7] tag[POST /order]
start[1357769477095] time[7] tag[POST /order]
start[1357769477555] time[8] tag[POST /order]
start[1357769477546] time[62] tag[JMS retrieveMessage]
start[1357769477689] time[7] tag[POST /order]
start[1357769477822] time[7] tag[POST /order]
start[1357769477958] time[7] tag[POST /order]
start[1357769478092] time[7] tag[POST /order]
start[1357769478234] time[7] tag[POST /order]
start[1357769478365] time[7] tag[POST /order]
start[1357769478546] time[63] tag[JMS retrieveMessage]
start[1357769478822] time[7] tag[POST /order]
start[1357769479275] time[8] tag[POST /order]
start[1357769479545] time[63] tag[JMS retrieveMessage]
start[1357769479746] time[7] tag[POST /order]
start[1357769480198] time[7] tag[POST /order]
start[1357769480546] time[65] tag[JMS retrieveMessage]
start[1357769480673] time[8] tag[POST /order]
start[1357769481130] time[8] tag[POST /order]
start[1357769481546] time[64] tag[JMS retrieveMessage]
start[1357769481274] time[338] tag[GET /orders/inventory]
start[1357769481998] time[58] tag[GET /orders/inventory]
start[1357769482287] time[64] tag[GET /orders/analytics]
start[1357769482545] time[63] tag[JMS retrieveMessage]
start[1357769482647] time[53] tag[GET /orders/analytics]
start[1357769482924] time[50] tag[GET /orders/region/europe]
start[1357769483203] time[48] tag[GET /orders/region/europe]
start[1357769483478] time[35] tag[GET /orders/region/china]
start[1357769483545] time[64] tag[JMS retrieveMessage]
start[1357769483717] time[34] tag[GET /orders/region/china]
start[1357769484546] time[63] tag[JMS retrieveMessage]
start[1357769485546] time[64] tag[JMS retrieveMessage]
start[1357769486088] time[8] tag[POST /order]
start[1357769486230] time[8] tag[POST /order]
start[1357769486364] time[8] tag[POST /order]
start[1357769486498] time[8] tag[POST /order]
start[1357769486545] time[62] tag[JMS retrieveMessage]
start[1357769486632] time[7] tag[POST /order]
start[1357769486761] time[7] tag[POST /order]
start[1357769487216] time[8] tag[POST /order]
start[1357769487545] time[63] tag[JMS retrieveMessage]
start[1357769487680] time[8] tag[POST /order]
start[1357769488157] time[7] tag[POST /order]
start[1357769488545] time[62] tag[JMS retrieveMessage]
start[1357769488641] time[8] tag[POST /order]
start[1357769489095] time[7] tag[POST /order]
start[1357769489554] time[7] tag[POST /order]
start[1357769489546] time[64] tag[JMS retrieveMessage]
start[1357769489689] time[7] tag[POST /order]
start[1357769489826] time[7] tag[POST /order]
start[1357769489962] time[7] tag[POST /order]
start[1357769490227] time[7] tag[POST /order]
start[1357769490361] time[7] tag[POST /order]
start[1357769490493] time[8] tag[POST /order]
start[1357769490546] time[63] tag[JMS retrieveMessage]
start[1357769491008] time[8] tag[POST /order]
start[1357769491471] time[8] tag[POST /order]
start[1357769491546] time[63] tag[JMS retrieveMessage]
start[1357769491940] time[7] tag[POST /order]
start[1357769492382] time[7] tag[POST /order]
start[1357769492546] time[65] tag[JMS retrieveMessage]
start[1357769492832] time[7] tag[POST /order]
start[1357769493275] time[7] tag[POST /order]
start[1357769493412] time[53] tag[GET /orders/inventory]
start[1357769493546] time[63] tag[JMS retrieveMessage]
start[1357769493849] time[53] tag[GET /orders/inventory]
start[1357769494135] time[51] tag[GET /orders/analytics]
start[1357769494483] time[50] tag[GET /orders/analytics]
start[1357769494545] time[64] tag[JMS retrieveMessage]
start[1357769494767] time[47] tag[GET /orders/region/europe]
start[1357769495114] time[52] tag[GET /orders/region/europe]
start[1357769495390] time[35] tag[GET /orders/region/china]
start[1357769495545] time[66] tag[JMS retrieveMessage]
start[1357769495628] time[34] tag[GET /orders/region/china]
start[1357769496545] time[71] tag[JMS retrieveMessage]
start[1357769497545] time[63] tag[JMS retrieveMessage]
start[1357769497977] time[13] tag[POST /order]
start[1357769498344] time[9] tag[POST /order]
start[1357769498491] time[8] tag[POST /order]
start[1357769498546] time[65] tag[JMS retrieveMessage]
start[1357769498624] time[7] tag[POST /order]
start[1357769498756] time[7] tag[POST /order]
start[1357769498888] time[7] tag[POST /order]
start[1357769499402] time[7] tag[POST /order]
start[1357769499546] time[63] tag[JMS retrieveMessage]
start[1357769499868] time[7] tag[POST /order]
start[1357769500323] time[7] tag[POST /order]
start[1357769500545] time[62] tag[JMS retrieveMessage]
start[1357769500769] time[7] tag[POST /order]
start[1357769501220] time[7] tag[POST /order]
start[1357769501546] time[63] tag[JMS retrieveMessage]
start[1357769501695] time[7] tag[POST /order]
start[1357769501831] time[7] tag[POST /order]
start[1357769501966] time[7] tag[POST /order]
start[1357769502099] time[7] tag[POST /order]
start[1357769502241] time[7] tag[POST /order]
start[1357769502374] time[7] tag[POST /order]
start[1357769502507] time[7] tag[POST /order]
start[1357769502545] time[67] tag[JMS retrieveMessage]
start[1357769503010] time[7] tag[POST /order]
start[1357769503461] time[7] tag[POST /order]
start[1357769503545] time[61] tag[JMS retrieveMessage]
start[1357769503904] time[7] tag[POST /order]
start[1357769504353] time[8] tag[POST /order]
start[1357769504545] time[64] tag[JMS retrieveMessage]
start[1357769504803] time[8] tag[POST /order]
start[1357769505242] time[7] tag[POST /order]
start[1357769505379] time[56] tag[GET /orders/inventory]
start[1357769505546] time[64] tag[JMS retrieveMessage]
start[1357769505820] time[55] tag[GET /orders/inventory]
start[1357769506107] time[53] tag[GET /orders/analytics]
start[1357769506471] time[52] tag[GET /orders/analytics]
start[1357769506546] time[63] tag[JMS retrieveMessage]
start[1357769506748] time[57] tag[GET /orders/region/europe]
start[1357769507032] time[57] tag[GET /orders/region/europe]
start[1357769507378] time[102] tag[GET /orders/region/china]
start[1357769507546] time[65] tag[JMS retrieveMessage]
start[1357769507696] time[36] tag[GET /orders/region/china]
start[1357769508545] time[64] tag[JMS retrieveMessage]
start[1357769509546] time[71] tag[JMS retrieveMessage]
start[1357769510067] time[7] tag[POST /order]
start[1357769510207] time[8] tag[POST /order]
start[1357769510341] time[9] tag[POST /order]
start[1357769510478] time[8] tag[POST /order]
start[1357769510546] time[63] tag[JMS retrieveMessage]
start[1357769510612] time[7] tag[POST /order]
start[1357769510744] time[6] tag[POST /order]
start[1357769511185] time[7] tag[POST /order]
start[1357769511546] time[63] tag[JMS retrieveMessage]
start[1357769511711] time[8] tag[POST /order]
start[1357769512160] time[7] tag[POST /order]
start[1357769512545] time[63] tag[JMS retrieveMessage]
start[1357769512611] time[7] tag[POST /order]
start[1357769513065] time[7] tag[POST /order]
start[1357769513521] time[7] tag[POST /order]
start[1357769513545] time[69] tag[JMS retrieveMessage]
start[1357769513658] time[7] tag[POST /order]
start[1357769513790] time[6] tag[POST /order]
start[1357769513924] time[7] tag[POST /order]
start[1357769514055] time[7] tag[POST /order]
start[1357769514197] time[7] tag[POST /order]
start[1357769514332] time[7] tag[POST /order]
start[1357769514790] time[7] tag[POST /order]
start[1357769514546] time[579] tag[JMS retrieveMessage]
start[1357769515227] time[7] tag[POST /order]
start[1357769515546] time[64] tag[JMS retrieveMessage]
start[1357769515675] time[7] tag[POST /order]
start[1357769516176] time[7] tag[POST /order]
start[1357769516546] time[64] tag[JMS retrieveMessage]
start[1357769516686] time[7] tag[POST /order]
start[1357769517145] time[7] tag[POST /order]
start[1357769517287] time[54] tag[GET /orders/inventory]
start[1357769517546] time[63] tag[JMS retrieveMessage]
start[1357769517725] time[55] tag[GET /orders/inventory]
start[1357769518018] time[52] tag[GET /orders/analytics]
start[1357769518546] time[65] tag[JMS retrieveMessage]
start[1357769518575] time[111] tag[GET /orders/analytics]
start[1357769519131] time[47] tag[GET /orders/region/europe]
start[1357769519464] time[47] tag[GET /orders/region/europe]
start[1357769519546] time[63] tag[JMS retrieveMessage]
start[1357769519738] time[35] tag[GET /orders/region/china]
start[1357769519976] time[40] tag[GET /orders/region/china]
start[1357769520545] time[63] tag[JMS retrieveMessage]
start[1357769521545] time[70] tag[JMS retrieveMessage]
start[1357769522546] time[65] tag[JMS retrieveMessage]
